{
  "stats": {
    "suites": 3,
    "tests": 2,
    "passes": 2,
    "pending": 0,
    "failures": 0,
    "start": "2019-11-28T14:04:24.920Z",
    "end": "2019-11-28T14:04:25.176Z",
    "duration": 256,
    "testsRegistered": 2,
    "passPercent": 100,
    "pendingPercent": 0,
    "other": 0,
    "hasOther": false,
    "skipped": 0,
    "hasSkipped": false
  },
  "results": [
    {
      "uuid": "ac82dfe0-596d-4f80-a892-b03eba4a6519",
      "title": "",
      "fullFile": "",
      "file": "",
      "beforeHooks": [],
      "afterHooks": [],
      "tests": [],
      "suites": [
        {
          "uuid": "3d9a621d-366e-4ff0-9e2b-70ea6692f3d0",
          "title": "parser.js tests",
          "fullFile": "/home/goran/workspace/zzzcg/test/parser.test.js",
          "file": "/test/parser.test.js",
          "beforeHooks": [],
          "afterHooks": [],
          "tests": [],
          "suites": [
            {
              "uuid": "fb449ffc-76fb-4cc8-bf95-16cfab00b0d1",
              "title": "listingsScraper() Test",
              "fullFile": "/home/goran/workspace/zzzcg/test/parser.test.js",
              "file": "/test/parser.test.js",
              "beforeHooks": [],
              "afterHooks": [],
              "tests": [
                {
                  "title": "number of objects should equal 35",
                  "fullTitle": "parser.js tests listingsScraper() Test number of objects should equal 35",
                  "timedOut": false,
                  "duration": 221,
                  "state": "passed",
                  "speed": "slow",
                  "pass": true,
                  "fail": false,
                  "pending": false,
                  "context": null,
                  "code": "const result = parser.listingsScraper(html);\nexpect(result.length).to.equal(35);",
                  "err": {},
                  "uuid": "6a831710-de9d-4de0-abbb-ca1193f97268",
                  "parentUUID": "fb449ffc-76fb-4cc8-bf95-16cfab00b0d1",
                  "isHook": false,
                  "skipped": false
                }
              ],
              "suites": [],
              "passes": [
                "6a831710-de9d-4de0-abbb-ca1193f97268"
              ],
              "failures": [],
              "pending": [],
              "skipped": [],
              "duration": 221,
              "root": false,
              "rootEmpty": false,
              "_timeout": 2000
            },
            {
              "uuid": "6512d7b0-8907-409f-9233-2ce4266805d6",
              "title": "scraper() Test",
              "fullFile": "/home/goran/workspace/zzzcg/test/parser.test.js",
              "file": "/test/parser.test.js",
              "beforeHooks": [],
              "afterHooks": [],
              "tests": [
                {
                  "title": "name should equal \"NASTAVNIK/CA FIZIKE\"",
                  "fullTitle": "parser.js tests scraper() Test name should equal \"NASTAVNIK/CA FIZIKE\"",
                  "timedOut": false,
                  "duration": 5,
                  "state": "passed",
                  "speed": "fast",
                  "pass": true,
                  "fail": false,
                  "pending": false,
                  "context": null,
                  "code": "const result = parser.scraper($,element);\nexpect(result.title).to.equal(\"NASTAVNIK/CA FIZIKE\");",
                  "err": {},
                  "uuid": "ab33af5a-2bf2-4ebd-9d0a-df67a3c94457",
                  "parentUUID": "6512d7b0-8907-409f-9233-2ce4266805d6",
                  "isHook": false,
                  "skipped": false
                }
              ],
              "suites": [],
              "passes": [
                "ab33af5a-2bf2-4ebd-9d0a-df67a3c94457"
              ],
              "failures": [],
              "pending": [],
              "skipped": [],
              "duration": 5,
              "root": false,
              "rootEmpty": false,
              "_timeout": 2000
            }
          ],
          "passes": [],
          "failures": [],
          "pending": [],
          "skipped": [],
          "duration": 0,
          "root": false,
          "rootEmpty": false,
          "_timeout": 2000
        }
      ],
      "passes": [],
      "failures": [],
      "pending": [],
      "skipped": [],
      "duration": 0,
      "root": true,
      "rootEmpty": true,
      "_timeout": 2000
    }
  ],
  "meta": {
    "mocha": {
      "version": "6.2.2"
    },
    "mochawesome": {
      "options": {
        "quiet": false,
        "reportFilename": "mochawesome",
        "saveHtml": true,
        "saveJson": true,
        "consoleReporter": "spec",
        "useInlineDiffs": false
      },
      "version": "4.1.0"
    },
    "marge": {
      "options": null,
      "version": "4.0.1"
    }
  }
}