{
  "stats": {
    "suites": 3,
    "tests": 2,
    "passes": 2,
    "pending": 0,
    "failures": 0,
    "start": "2019-11-28T14:30:56.655Z",
    "end": "2019-11-28T14:30:56.839Z",
    "duration": 184,
    "testsRegistered": 2,
    "passPercent": 100,
    "pendingPercent": 0,
    "other": 0,
    "hasOther": false,
    "skipped": 0,
    "hasSkipped": false
  },
  "results": [
    {
      "uuid": "742ef3a0-a758-4f1e-b68e-f5dc4895d764",
      "title": "",
      "fullFile": "",
      "file": "",
      "beforeHooks": [],
      "afterHooks": [],
      "tests": [],
      "suites": [
        {
          "uuid": "6dcbff2b-fc87-4476-a818-b6c2fa63da20",
          "title": "parser.js tests",
          "fullFile": "/home/goran/workspace/zzzcg/test/parser.test.js",
          "file": "/test/parser.test.js",
          "beforeHooks": [],
          "afterHooks": [],
          "tests": [],
          "suites": [
            {
              "uuid": "dae33b3f-65c1-41c6-91a6-31b611a394de",
              "title": "listingsScraper() Test",
              "fullFile": "/home/goran/workspace/zzzcg/test/parser.test.js",
              "file": "/test/parser.test.js",
              "beforeHooks": [],
              "afterHooks": [],
              "tests": [
                {
                  "title": "number of objects should equal 35",
                  "fullTitle": "parser.js tests listingsScraper() Test number of objects should equal 35",
                  "timedOut": false,
                  "duration": 155,
                  "state": "passed",
                  "speed": "slow",
                  "pass": true,
                  "fail": false,
                  "pending": false,
                  "context": null,
                  "code": "const result = parser.listingsScraper(html);\nexpect(result.length).to.equal(35);",
                  "err": {},
                  "uuid": "9cffcfe9-cb88-4a59-a6de-4b09a8f8209f",
                  "parentUUID": "dae33b3f-65c1-41c6-91a6-31b611a394de",
                  "isHook": false,
                  "skipped": false
                }
              ],
              "suites": [],
              "passes": [
                "9cffcfe9-cb88-4a59-a6de-4b09a8f8209f"
              ],
              "failures": [],
              "pending": [],
              "skipped": [],
              "duration": 155,
              "root": false,
              "rootEmpty": false,
              "_timeout": 2000
            },
            {
              "uuid": "3874e04b-d0e9-4012-beab-1888b6794673",
              "title": "scraper() Test",
              "fullFile": "/home/goran/workspace/zzzcg/test/parser.test.js",
              "file": "/test/parser.test.js",
              "beforeHooks": [],
              "afterHooks": [],
              "tests": [
                {
                  "title": "name should equal \"NASTAVNIK/CA FIZIKE\"",
                  "fullTitle": "parser.js tests scraper() Test name should equal \"NASTAVNIK/CA FIZIKE\"",
                  "timedOut": false,
                  "duration": 7,
                  "state": "passed",
                  "speed": "fast",
                  "pass": true,
                  "fail": false,
                  "pending": false,
                  "context": null,
                  "code": "const result = parser.scraper($,element);\nexpect(result.title).to.equal(\"NASTAVNIK/CA FIZIKE\");",
                  "err": {},
                  "uuid": "25330f0b-f85d-4654-bcb5-9dda7e923e54",
                  "parentUUID": "3874e04b-d0e9-4012-beab-1888b6794673",
                  "isHook": false,
                  "skipped": false
                }
              ],
              "suites": [],
              "passes": [
                "25330f0b-f85d-4654-bcb5-9dda7e923e54"
              ],
              "failures": [],
              "pending": [],
              "skipped": [],
              "duration": 7,
              "root": false,
              "rootEmpty": false,
              "_timeout": 2000
            }
          ],
          "passes": [],
          "failures": [],
          "pending": [],
          "skipped": [],
          "duration": 0,
          "root": false,
          "rootEmpty": false,
          "_timeout": 2000
        }
      ],
      "passes": [],
      "failures": [],
      "pending": [],
      "skipped": [],
      "duration": 0,
      "root": true,
      "rootEmpty": true,
      "_timeout": 2000
    }
  ],
  "meta": {
    "mocha": {
      "version": "6.2.2"
    },
    "mochawesome": {
      "options": {
        "quiet": false,
        "reportFilename": "mochawesome",
        "saveHtml": true,
        "saveJson": true,
        "consoleReporter": "spec",
        "useInlineDiffs": false
      },
      "version": "4.1.0"
    },
    "marge": {
      "options": null,
      "version": "4.0.1"
    }
  }
}